<?xml version="1.0" encoding="UTF-8"?>
<coverage generated="1578543185732" clover="3.2.0">
  <project timestamp="1578543185733" name="All files">
    <metrics statements="109" coveredstatements="103" conditionals="82" coveredconditionals="71" methods="46" coveredmethods="44" elements="237" coveredelements="218" complexity="0" loc="109" ncloc="109" packages="5" files="8" classes="8"/>
    <package name="components.search">
      <metrics statements="20" coveredstatements="17" conditionals="12" coveredconditionals="8" methods="12" coveredmethods="10"/>
      <file name="search.js" path="/Users/bpatel/Desktop/Practise/react/envoy/src/components/search/search.js">
        <metrics statements="20" coveredstatements="17" conditionals="12" coveredconditionals="8" methods="12" coveredmethods="10"/>
        <line num="19" count="6" type="stmt"/>
        <line num="20" count="6" type="stmt"/>
        <line num="26" count="6" type="stmt"/>
        <line num="27" count="6" type="stmt"/>
        <line num="28" count="6" type="stmt"/>
        <line num="32" count="6" type="stmt"/>
        <line num="36" count="1" type="stmt"/>
        <line num="47" count="2" type="stmt"/>
        <line num="56" count="1" type="stmt"/>
        <line num="57" count="1" type="stmt"/>
        <line num="62" count="3" type="stmt"/>
        <line num="68" count="0" type="cond" truecount="0" falsecount="2"/>
        <line num="69" count="0" type="stmt"/>
        <line num="74" count="1" type="stmt"/>
        <line num="77" count="1" type="stmt"/>
        <line num="81" count="0" type="stmt"/>
        <line num="92" count="1" type="stmt"/>
        <line num="102" count="15" type="cond" truecount="2" falsecount="0"/>
        <line num="107" count="15" type="stmt"/>
        <line num="109" count="15" type="stmt"/>
      </file>
    </package>
    <package name="components.visitor">
      <metrics statements="18" coveredstatements="17" conditionals="12" coveredconditionals="11" methods="6" coveredmethods="6"/>
      <file name="index.js" path="/Users/bpatel/Desktop/Practise/react/envoy/src/components/visitor/index.js">
        <metrics statements="0" coveredstatements="0" conditionals="0" coveredconditionals="0" methods="0" coveredmethods="0"/>
      </file>
      <file name="visitor.js" path="/Users/bpatel/Desktop/Practise/react/envoy/src/components/visitor/visitor.js">
        <metrics statements="18" coveredstatements="17" conditionals="12" coveredconditionals="11" methods="6" coveredmethods="6"/>
        <line num="8" count="18" type="stmt"/>
        <line num="9" count="18" type="stmt"/>
        <line num="15" count="18" type="stmt"/>
        <line num="16" count="18" type="stmt"/>
        <line num="22" count="3" type="stmt"/>
        <line num="27" count="3" type="stmt"/>
        <line num="32" count="3" type="stmt"/>
        <line num="36" count="1" type="cond" truecount="3" falsecount="1"/>
        <line num="37" count="1" type="stmt"/>
        <line num="43" count="0" type="stmt"/>
        <line num="54" count="2" type="stmt"/>
        <line num="63" count="24" type="stmt"/>
        <line num="65" count="24" type="stmt"/>
        <line num="68" count="24" type="cond" truecount="4" falsecount="0"/>
        <line num="69" count="3" type="stmt"/>
        <line num="72" count="24" type="cond" truecount="2" falsecount="0"/>
        <line num="73" count="3" type="stmt"/>
        <line num="76" count="24" type="stmt"/>
      </file>
    </package>
    <package name="components.visitorForm">
      <metrics statements="40" coveredstatements="39" conditionals="32" coveredconditionals="28" methods="12" coveredmethods="12"/>
      <file name="index.js" path="/Users/bpatel/Desktop/Practise/react/envoy/src/components/visitorForm/index.js">
        <metrics statements="0" coveredstatements="0" conditionals="0" coveredconditionals="0" methods="0" coveredmethods="0"/>
      </file>
      <file name="visitorForm.js" path="/Users/bpatel/Desktop/Practise/react/envoy/src/components/visitorForm/visitorForm.js">
        <metrics statements="40" coveredstatements="39" conditionals="32" coveredconditionals="28" methods="12" coveredmethods="12"/>
        <line num="15" count="6" type="stmt"/>
        <line num="17" count="6" type="stmt"/>
        <line num="30" count="6" type="stmt"/>
        <line num="31" count="6" type="stmt"/>
        <line num="32" count="6" type="stmt"/>
        <line num="35" count="6" type="stmt"/>
        <line num="36" count="6" type="stmt"/>
        <line num="39" count="6" type="stmt"/>
        <line num="40" count="6" type="stmt"/>
        <line num="45" count="2" type="cond" truecount="2" falsecount="0"/>
        <line num="46" count="1" type="stmt"/>
        <line num="54" count="2" type="cond" truecount="3" falsecount="1"/>
        <line num="55" count="0" type="stmt"/>
        <line num="57" count="2" type="stmt"/>
        <line num="61" count="1" type="cond" truecount="1" falsecount="1"/>
        <line num="62" count="1" type="stmt"/>
        <line num="64" count="1" type="stmt"/>
        <line num="78" count="3" type="cond" truecount="1" falsecount="1"/>
        <line num="79" count="3" type="stmt"/>
        <line num="83" count="3" type="stmt"/>
        <line num="85" count="3" type="cond" truecount="6" falsecount="0"/>
        <line num="89" count="1" type="stmt"/>
        <line num="92" count="2" type="stmt"/>
        <line num="97" count="2" type="stmt"/>
        <line num="101" count="2" type="stmt"/>
        <line num="107" count="1" type="stmt"/>
        <line num="111" count="1" type="stmt"/>
        <line num="119" count="3" type="cond" truecount="2" falsecount="0"/>
        <line num="120" count="1" type="stmt"/>
        <line num="126" count="3" type="cond" truecount="2" falsecount="0"/>
        <line num="127" count="1" type="stmt"/>
        <line num="133" count="3" type="cond" truecount="2" falsecount="0"/>
        <line num="134" count="1" type="stmt"/>
        <line num="142" count="4" type="stmt"/>
        <line num="147" count="4" type="stmt"/>
        <line num="152" count="4" type="stmt"/>
        <line num="158" count="25" type="cond" truecount="2" falsecount="0"/>
        <line num="163" count="25" type="stmt"/>
        <line num="170" count="25" type="stmt"/>
        <line num="172" count="25" type="stmt"/>
      </file>
    </package>
    <package name="components.visitors">
      <metrics statements="8" coveredstatements="8" conditionals="10" coveredconditionals="10" methods="3" coveredmethods="3"/>
      <file name="index.js" path="/Users/bpatel/Desktop/Practise/react/envoy/src/components/visitors/index.js">
        <metrics statements="0" coveredstatements="0" conditionals="0" coveredconditionals="0" methods="0" coveredmethods="0"/>
      </file>
      <file name="visitors.js" path="/Users/bpatel/Desktop/Practise/react/envoy/src/components/visitors/visitors.js">
        <metrics statements="8" coveredstatements="8" conditionals="10" coveredconditionals="10" methods="3" coveredmethods="3"/>
        <line num="9" count="5" type="stmt"/>
        <line num="14" count="5" type="stmt"/>
        <line num="16" count="5" type="stmt"/>
        <line num="17" count="5" type="cond" truecount="4" falsecount="0"/>
        <line num="19" count="2" type="stmt"/>
        <line num="20" count="10" type="stmt"/>
        <line num="23" count="5" type="stmt"/>
        <line num="56" count="3" type="stmt"/>
      </file>
    </package>
    <package name="services">
      <metrics statements="23" coveredstatements="22" conditionals="16" coveredconditionals="14" methods="13" coveredmethods="13"/>
      <file name="entryService.js" path="/Users/bpatel/Desktop/Practise/react/envoy/src/services/entryService.js">
        <metrics statements="23" coveredstatements="22" conditionals="16" coveredconditionals="14" methods="13" coveredmethods="13"/>
        <line num="3" count="12" type="stmt"/>
        <line num="8" count="6" type="stmt"/>
        <line num="10" count="3" type="stmt"/>
        <line num="14" count="3" type="cond" truecount="4" falsecount="0"/>
        <line num="15" count="2" type="stmt"/>
        <line num="17" count="1" type="stmt"/>
        <line num="23" count="1" type="stmt"/>
        <line num="25" count="1" type="stmt"/>
        <line num="27" count="1" type="stmt"/>
        <line num="31" count="1" type="cond" truecount="2" falsecount="2"/>
        <line num="32" count="1" type="stmt"/>
        <line num="34" count="0" type="stmt"/>
        <line num="41" count="2" type="stmt"/>
        <line num="49" count="2" type="stmt"/>
        <line num="53" count="2" type="cond" truecount="4" falsecount="0"/>
        <line num="54" count="1" type="stmt"/>
        <line num="56" count="1" type="stmt"/>
        <line num="63" count="3" type="stmt"/>
        <line num="67" count="3" type="stmt"/>
        <line num="70" count="3" type="cond" truecount="4" falsecount="0"/>
        <line num="71" count="2" type="stmt"/>
        <line num="73" count="1" type="stmt"/>
        <line num="77" count="12" type="stmt"/>
      </file>
    </package>
  </project>
</coverage>
