{"/Users/bpatel/Desktop/Practise/react/envoy/src/components/search/search.js": {"path":"/Users/bpatel/Desktop/Practise/react/envoy/src/components/search/search.js","statementMap":{"0":{"start":{"line":19,"column":8},"end":{"line":19,"column":21}},"1":{"start":{"line":20,"column":8},"end":{"line":25,"column":10}},"2":{"start":{"line":26,"column":8},"end":{"line":26,"column":53}},"3":{"start":{"line":27,"column":8},"end":{"line":27,"column":65}},"4":{"start":{"line":28,"column":8},"end":{"line":28,"column":73}},"5":{"start":{"line":32,"column":8},"end":{"line":52,"column":15}},"6":{"start":{"line":36,"column":16},"end":{"line":40,"column":19}},"7":{"start":{"line":47,"column":16},"end":{"line":51,"column":18}},"8":{"start":{"line":56,"column":8},"end":{"line":56,"column":31}},"9":{"start":{"line":57,"column":8},"end":{"line":57,"column":44}},"10":{"start":{"line":62,"column":8},"end":{"line":64,"column":11}},"11":{"start":{"line":68,"column":8},"end":{"line":70,"column":9}},"12":{"start":{"line":69,"column":12},"end":{"line":69,"column":38}},"13":{"start":{"line":74,"column":8},"end":{"line":74,"column":31}},"14":{"start":{"line":77,"column":8},"end":{"line":97,"column":15}},"15":{"start":{"line":81,"column":16},"end":{"line":85,"column":19}},"16":{"start":{"line":92,"column":16},"end":{"line":96,"column":18}},"17":{"start":{"line":102,"column":8},"end":{"line":102,"column":71}},"18":{"start":{"line":107,"column":46},"end":{"line":107,"column":56}},"19":{"start":{"line":109,"column":8},"end":{"line":150,"column":9}}},"fnMap":{"0":{"name":"(anonymous_0)","decl":{"start":{"line":18,"column":4},"end":{"line":18,"column":5}},"loc":{"start":{"line":18,"column":23},"end":{"line":29,"column":5}},"line":18},"1":{"name":"(anonymous_1)","decl":{"start":{"line":31,"column":4},"end":{"line":31,"column":5}},"loc":{"start":{"line":31,"column":24},"end":{"line":53,"column":5}},"line":31},"2":{"name":"(anonymous_2)","decl":{"start":{"line":34,"column":18},"end":{"line":34,"column":19}},"loc":{"start":{"line":34,"column":28},"end":{"line":44,"column":13}},"line":34},"3":{"name":"(anonymous_3)","decl":{"start":{"line":45,"column":19},"end":{"line":45,"column":20}},"loc":{"start":{"line":45,"column":30},"end":{"line":52,"column":13}},"line":45},"4":{"name":"(anonymous_4)","decl":{"start":{"line":55,"column":4},"end":{"line":55,"column":5}},"loc":{"start":{"line":55,"column":22},"end":{"line":58,"column":5}},"line":55},"5":{"name":"(anonymous_5)","decl":{"start":{"line":60,"column":4},"end":{"line":60,"column":5}},"loc":{"start":{"line":60,"column":25},"end":{"line":65,"column":5}},"line":60},"6":{"name":"(anonymous_6)","decl":{"start":{"line":67,"column":4},"end":{"line":67,"column":5}},"loc":{"start":{"line":67,"column":27},"end":{"line":71,"column":5}},"line":67},"7":{"name":"(anonymous_7)","decl":{"start":{"line":73,"column":4},"end":{"line":73,"column":5}},"loc":{"start":{"line":73,"column":32},"end":{"line":98,"column":5}},"line":73},"8":{"name":"(anonymous_8)","decl":{"start":{"line":79,"column":18},"end":{"line":79,"column":19}},"loc":{"start":{"line":79,"column":28},"end":{"line":89,"column":13}},"line":79},"9":{"name":"(anonymous_9)","decl":{"start":{"line":90,"column":19},"end":{"line":90,"column":20}},"loc":{"start":{"line":90,"column":30},"end":{"line":97,"column":13}},"line":90},"10":{"name":"(anonymous_10)","decl":{"start":{"line":101,"column":4},"end":{"line":101,"column":5}},"loc":{"start":{"line":101,"column":16},"end":{"line":103,"column":5}},"line":101},"11":{"name":"(anonymous_11)","decl":{"start":{"line":105,"column":4},"end":{"line":105,"column":5}},"loc":{"start":{"line":105,"column":12},"end":{"line":151,"column":5}},"line":105}},"branchMap":{"0":{"loc":{"start":{"line":68,"column":8},"end":{"line":70,"column":9}},"type":"if","locations":[{"start":{"line":68,"column":8},"end":{"line":70,"column":9}},{"start":{"line":68,"column":8},"end":{"line":70,"column":9}}],"line":68},"1":{"loc":{"start":{"line":102,"column":15},"end":{"line":102,"column":70}},"type":"binary-expr","locations":[{"start":{"line":102,"column":15},"end":{"line":102,"column":40}},{"start":{"line":102,"column":44},"end":{"line":102,"column":70}}],"line":102},"2":{"loc":{"start":{"line":139,"column":22},"end":{"line":139,"column":101}},"type":"binary-expr","locations":[{"start":{"line":139,"column":22},"end":{"line":139,"column":32}},{"start":{"line":139,"column":36},"end":{"line":139,"column":101}}],"line":139},"3":{"loc":{"start":{"line":141,"column":22},"end":{"line":143,"column":26}},"type":"binary-expr","locations":[{"start":{"line":141,"column":22},"end":{"line":141,"column":38}},{"start":{"line":141,"column":42},"end":{"line":143,"column":26}}],"line":141},"4":{"loc":{"start":{"line":145,"column":22},"end":{"line":145,"column":68}},"type":"binary-expr","locations":[{"start":{"line":145,"column":22},"end":{"line":145,"column":27}},{"start":{"line":145,"column":31},"end":{"line":145,"column":68}}],"line":145},"5":{"loc":{"start":{"line":146,"column":22},"end":{"line":146,"column":66}},"type":"binary-expr","locations":[{"start":{"line":146,"column":22},"end":{"line":146,"column":30}},{"start":{"line":146,"column":34},"end":{"line":146,"column":66}}],"line":146}},"s":{"0":6,"1":6,"2":6,"3":6,"4":6,"5":6,"6":1,"7":2,"8":1,"9":1,"10":3,"11":0,"12":0,"13":1,"14":1,"15":0,"16":1,"17":15,"18":15,"19":15},"f":{"0":6,"1":6,"2":1,"3":2,"4":1,"5":3,"6":0,"7":1,"8":0,"9":1,"10":15,"11":15},"b":{"0":[0,0],"1":[15,12],"2":[15,0],"3":[15,0],"4":[15,3],"5":[15,1]},"_coverageSchema":"43e27e138ebf9cfc5966b082cf9a028302ed4184","hash":"4e42cedce4605029bec8132f0da4d35a5f049f9d"}
,"/Users/bpatel/Desktop/Practise/react/envoy/src/components/visitor/index.js": {"path":"/Users/bpatel/Desktop/Practise/react/envoy/src/components/visitor/index.js","statementMap":{},"fnMap":{},"branchMap":{},"s":{},"f":{},"b":{},"_coverageSchema":"43e27e138ebf9cfc5966b082cf9a028302ed4184","hash":"6b6b569483ec10738a741e8e3cbf172760334bad"}
,"/Users/bpatel/Desktop/Practise/react/envoy/src/components/visitor/visitor.js": {"path":"/Users/bpatel/Desktop/Practise/react/envoy/src/components/visitor/visitor.js","statementMap":{"0":{"start":{"line":8,"column":8},"end":{"line":8,"column":20}},"1":{"start":{"line":9,"column":8},"end":{"line":14,"column":10}},"2":{"start":{"line":15,"column":8},"end":{"line":15,"column":47}},"3":{"start":{"line":16,"column":8},"end":{"line":16,"column":55}},"4":{"start":{"line":22,"column":8},"end":{"line":25,"column":11}},"5":{"start":{"line":27,"column":8},"end":{"line":27,"column":47}},"6":{"start":{"line":32,"column":8},"end":{"line":58,"column":15}},"7":{"start":{"line":36,"column":16},"end":{"line":47,"column":17}},"8":{"start":{"line":37,"column":20},"end":{"line":41,"column":23}},"9":{"start":{"line":43,"column":20},"end":{"line":46,"column":22}},"10":{"start":{"line":54,"column":16},"end":{"line":57,"column":18}},"11":{"start":{"line":63,"column":88},"end":{"line":63,"column":98}},"12":{"start":{"line":65,"column":35},"end":{"line":67,"column":45}},"13":{"start":{"line":68,"column":8},"end":{"line":70,"column":9}},"14":{"start":{"line":69,"column":12},"end":{"line":69,"column":47}},"15":{"start":{"line":72,"column":8},"end":{"line":74,"column":9}},"16":{"start":{"line":73,"column":12},"end":{"line":73,"column":49}},"17":{"start":{"line":76,"column":8},"end":{"line":92,"column":9}}},"fnMap":{"0":{"name":"(anonymous_0)","decl":{"start":{"line":7,"column":4},"end":{"line":7,"column":5}},"loc":{"start":{"line":7,"column":23},"end":{"line":17,"column":5}},"line":7},"1":{"name":"(anonymous_1)","decl":{"start":{"line":19,"column":4},"end":{"line":19,"column":5}},"loc":{"start":{"line":19,"column":14},"end":{"line":28,"column":5}},"line":19},"2":{"name":"(anonymous_2)","decl":{"start":{"line":30,"column":4},"end":{"line":30,"column":5}},"loc":{"start":{"line":30,"column":18},"end":{"line":59,"column":5}},"line":30},"3":{"name":"(anonymous_3)","decl":{"start":{"line":34,"column":18},"end":{"line":34,"column":19}},"loc":{"start":{"line":34,"column":28},"end":{"line":51,"column":13}},"line":34},"4":{"name":"(anonymous_4)","decl":{"start":{"line":52,"column":19},"end":{"line":52,"column":20}},"loc":{"start":{"line":52,"column":30},"end":{"line":58,"column":13}},"line":52},"5":{"name":"(anonymous_5)","decl":{"start":{"line":61,"column":4},"end":{"line":61,"column":5}},"loc":{"start":{"line":61,"column":13},"end":{"line":93,"column":5}},"line":61}},"branchMap":{"0":{"loc":{"start":{"line":36,"column":16},"end":{"line":47,"column":17}},"type":"if","locations":[{"start":{"line":36,"column":16},"end":{"line":47,"column":17}},{"start":{"line":36,"column":16},"end":{"line":47,"column":17}}],"line":36},"1":{"loc":{"start":{"line":36,"column":19},"end":{"line":36,"column":47}},"type":"binary-expr","locations":[{"start":{"line":36,"column":19},"end":{"line":36,"column":23}},{"start":{"line":36,"column":27},"end":{"line":36,"column":47}}],"line":36},"2":{"loc":{"start":{"line":68,"column":8},"end":{"line":70,"column":9}},"type":"if","locations":[{"start":{"line":68,"column":8},"end":{"line":70,"column":9}},{"start":{"line":68,"column":8},"end":{"line":70,"column":9}}],"line":68},"3":{"loc":{"start":{"line":68,"column":11},"end":{"line":68,"column":50}},"type":"binary-expr","locations":[{"start":{"line":68,"column":11},"end":{"line":68,"column":29}},{"start":{"line":68,"column":33},"end":{"line":68,"column":50}}],"line":68},"4":{"loc":{"start":{"line":72,"column":8},"end":{"line":74,"column":9}},"type":"if","locations":[{"start":{"line":72,"column":8},"end":{"line":74,"column":9}},{"start":{"line":72,"column":8},"end":{"line":74,"column":9}}],"line":72},"5":{"loc":{"start":{"line":83,"column":29},"end":{"line":88,"column":33}},"type":"binary-expr","locations":[{"start":{"line":83,"column":29},"end":{"line":83,"column":45}},{"start":{"line":84,"column":36},"end":{"line":87,"column":42}}],"line":83}},"s":{"0":18,"1":18,"2":18,"3":18,"4":3,"5":3,"6":3,"7":1,"8":1,"9":0,"10":2,"11":24,"12":24,"13":24,"14":3,"15":24,"16":3,"17":24},"f":{"0":18,"1":3,"2":3,"3":1,"4":2,"5":24},"b":{"0":[1,0],"1":[1,1],"2":[3,21],"3":[24,6],"4":[3,21],"5":[24,2]},"_coverageSchema":"43e27e138ebf9cfc5966b082cf9a028302ed4184","hash":"c1f87ba271a3a4c8942666ff5f47c6dab292df6c"}
,"/Users/bpatel/Desktop/Practise/react/envoy/src/components/visitorForm/index.js": {"path":"/Users/bpatel/Desktop/Practise/react/envoy/src/components/visitorForm/index.js","statementMap":{},"fnMap":{},"branchMap":{},"s":{},"f":{},"b":{},"_coverageSchema":"43e27e138ebf9cfc5966b082cf9a028302ed4184","hash":"94a55668d07b178f209a1beff13e849f8bd78991"}
,"/Users/bpatel/Desktop/Practise/react/envoy/src/components/visitorForm/visitorForm.js": {"path":"/Users/bpatel/Desktop/Practise/react/envoy/src/components/visitorForm/visitorForm.js","statementMap":{"0":{"start":{"line":15,"column":8},"end":{"line":15,"column":21}},"1":{"start":{"line":17,"column":8},"end":{"line":27,"column":10}},"2":{"start":{"line":30,"column":8},"end":{"line":30,"column":63}},"3":{"start":{"line":31,"column":8},"end":{"line":31,"column":61}},"4":{"start":{"line":32,"column":8},"end":{"line":32,"column":53}},"5":{"start":{"line":35,"column":8},"end":{"line":35,"column":61}},"6":{"start":{"line":36,"column":8},"end":{"line":36,"column":95}},"7":{"start":{"line":39,"column":8},"end":{"line":39,"column":51}},"8":{"start":{"line":40,"column":8},"end":{"line":40,"column":45}},"9":{"start":{"line":45,"column":8},"end":{"line":47,"column":9}},"10":{"start":{"line":46,"column":12},"end":{"line":46,"column":35}},"11":{"start":{"line":54,"column":8},"end":{"line":56,"column":9}},"12":{"start":{"line":55,"column":12},"end":{"line":55,"column":39}},"13":{"start":{"line":57,"column":8},"end":{"line":57,"column":36}},"14":{"start":{"line":61,"column":8},"end":{"line":63,"column":9}},"15":{"start":{"line":62,"column":12},"end":{"line":62,"column":35}},"16":{"start":{"line":64,"column":8},"end":{"line":73,"column":11}},"17":{"start":{"line":78,"column":8},"end":{"line":80,"column":9}},"18":{"start":{"line":79,"column":12},"end":{"line":79,"column":35}},"19":{"start":{"line":83,"column":8},"end":{"line":83,"column":47}},"20":{"start":{"line":85,"column":8},"end":{"line":90,"column":9}},"21":{"start":{"line":89,"column":12},"end":{"line":89,"column":19}},"22":{"start":{"line":92,"column":24},"end":{"line":95,"column":9}},"23":{"start":{"line":97,"column":8},"end":{"line":99,"column":11}},"24":{"start":{"line":101,"column":8},"end":{"line":115,"column":15}},"25":{"start":{"line":107,"column":16},"end":{"line":107,"column":30}},"26":{"start":{"line":111,"column":16},"end":{"line":114,"column":18}},"27":{"start":{"line":119,"column":8},"end":{"line":124,"column":9}},"28":{"start":{"line":120,"column":12},"end":{"line":123,"column":15}},"29":{"start":{"line":126,"column":8},"end":{"line":131,"column":9}},"30":{"start":{"line":127,"column":12},"end":{"line":130,"column":15}},"31":{"start":{"line":133,"column":8},"end":{"line":138,"column":9}},"32":{"start":{"line":134,"column":12},"end":{"line":137,"column":15}},"33":{"start":{"line":142,"column":8},"end":{"line":144,"column":11}},"34":{"start":{"line":147,"column":8},"end":{"line":149,"column":11}},"35":{"start":{"line":152,"column":8},"end":{"line":154,"column":11}},"36":{"start":{"line":158,"column":8},"end":{"line":158,"column":71}},"37":{"start":{"line":163,"column":26},"end":{"line":167,"column":9}},"38":{"start":{"line":170,"column":68},"end":{"line":170,"column":78}},"39":{"start":{"line":172,"column":8},"end":{"line":256,"column":10}}},"fnMap":{"0":{"name":"(anonymous_0)","decl":{"start":{"line":13,"column":4},"end":{"line":13,"column":5}},"loc":{"start":{"line":13,"column":23},"end":{"line":41,"column":5}},"line":13},"1":{"name":"(anonymous_1)","decl":{"start":{"line":43,"column":4},"end":{"line":43,"column":5}},"loc":{"start":{"line":43,"column":17},"end":{"line":58,"column":5}},"line":43},"2":{"name":"(anonymous_2)","decl":{"start":{"line":60,"column":4},"end":{"line":60,"column":5}},"loc":{"start":{"line":60,"column":21},"end":{"line":74,"column":5}},"line":60},"3":{"name":"(anonymous_3)","decl":{"start":{"line":76,"column":4},"end":{"line":76,"column":5}},"loc":{"start":{"line":76,"column":26},"end":{"line":116,"column":5}},"line":76},"4":{"name":"(anonymous_4)","decl":{"start":{"line":103,"column":18},"end":{"line":103,"column":19}},"loc":{"start":{"line":103,"column":28},"end":{"line":108,"column":13}},"line":103},"5":{"name":"(anonymous_5)","decl":{"start":{"line":109,"column":19},"end":{"line":109,"column":20}},"loc":{"start":{"line":109,"column":30},"end":{"line":115,"column":13}},"line":109},"6":{"name":"(anonymous_6)","decl":{"start":{"line":118,"column":4},"end":{"line":118,"column":5}},"loc":{"start":{"line":118,"column":38},"end":{"line":139,"column":5}},"line":118},"7":{"name":"(anonymous_7)","decl":{"start":{"line":141,"column":4},"end":{"line":141,"column":5}},"loc":{"start":{"line":141,"column":23},"end":{"line":145,"column":5}},"line":141},"8":{"name":"(anonymous_8)","decl":{"start":{"line":146,"column":4},"end":{"line":146,"column":5}},"loc":{"start":{"line":146,"column":22},"end":{"line":150,"column":5}},"line":146},"9":{"name":"(anonymous_9)","decl":{"start":{"line":151,"column":4},"end":{"line":151,"column":5}},"loc":{"start":{"line":151,"column":18},"end":{"line":155,"column":5}},"line":151},"10":{"name":"(anonymous_10)","decl":{"start":{"line":157,"column":4},"end":{"line":157,"column":5}},"loc":{"start":{"line":157,"column":16},"end":{"line":159,"column":5}},"line":157},"11":{"name":"(anonymous_11)","decl":{"start":{"line":161,"column":4},"end":{"line":161,"column":5}},"loc":{"start":{"line":161,"column":13},"end":{"line":257,"column":5}},"line":161}},"branchMap":{"0":{"loc":{"start":{"line":45,"column":8},"end":{"line":47,"column":9}},"type":"if","locations":[{"start":{"line":45,"column":8},"end":{"line":47,"column":9}},{"start":{"line":45,"column":8},"end":{"line":47,"column":9}}],"line":45},"1":{"loc":{"start":{"line":54,"column":8},"end":{"line":56,"column":9}},"type":"if","locations":[{"start":{"line":54,"column":8},"end":{"line":56,"column":9}},{"start":{"line":54,"column":8},"end":{"line":56,"column":9}}],"line":54},"2":{"loc":{"start":{"line":54,"column":11},"end":{"line":54,"column":64}},"type":"binary-expr","locations":[{"start":{"line":54,"column":11},"end":{"line":54,"column":29}},{"start":{"line":54,"column":33},"end":{"line":54,"column":64}}],"line":54},"3":{"loc":{"start":{"line":61,"column":8},"end":{"line":63,"column":9}},"type":"if","locations":[{"start":{"line":61,"column":8},"end":{"line":63,"column":9}},{"start":{"line":61,"column":8},"end":{"line":63,"column":9}}],"line":61},"4":{"loc":{"start":{"line":78,"column":8},"end":{"line":80,"column":9}},"type":"if","locations":[{"start":{"line":78,"column":8},"end":{"line":80,"column":9}},{"start":{"line":78,"column":8},"end":{"line":80,"column":9}}],"line":78},"5":{"loc":{"start":{"line":85,"column":8},"end":{"line":90,"column":9}},"type":"if","locations":[{"start":{"line":85,"column":8},"end":{"line":90,"column":9}},{"start":{"line":85,"column":8},"end":{"line":90,"column":9}}],"line":85},"6":{"loc":{"start":{"line":85,"column":11},"end":{"line":88,"column":41}},"type":"binary-expr","locations":[{"start":{"line":85,"column":11},"end":{"line":85,"column":27}},{"start":{"line":86,"column":12},"end":{"line":86,"column":46}},{"start":{"line":87,"column":12},"end":{"line":87,"column":45}},{"start":{"line":88,"column":12},"end":{"line":88,"column":41}}],"line":85},"7":{"loc":{"start":{"line":119,"column":8},"end":{"line":124,"column":9}},"type":"if","locations":[{"start":{"line":119,"column":8},"end":{"line":124,"column":9}},{"start":{"line":119,"column":8},"end":{"line":124,"column":9}}],"line":119},"8":{"loc":{"start":{"line":126,"column":8},"end":{"line":131,"column":9}},"type":"if","locations":[{"start":{"line":126,"column":8},"end":{"line":131,"column":9}},{"start":{"line":126,"column":8},"end":{"line":131,"column":9}}],"line":126},"9":{"loc":{"start":{"line":133,"column":8},"end":{"line":138,"column":9}},"type":"if","locations":[{"start":{"line":133,"column":8},"end":{"line":138,"column":9}},{"start":{"line":133,"column":8},"end":{"line":138,"column":9}}],"line":133},"10":{"loc":{"start":{"line":158,"column":15},"end":{"line":158,"column":70}},"type":"binary-expr","locations":[{"start":{"line":158,"column":15},"end":{"line":158,"column":40}},{"start":{"line":158,"column":44},"end":{"line":158,"column":70}}],"line":158},"11":{"loc":{"start":{"line":185,"column":18},"end":{"line":188,"column":26}},"type":"binary-expr","locations":[{"start":{"line":185,"column":18},"end":{"line":185,"column":34}},{"start":{"line":186,"column":20},"end":{"line":188,"column":26}}],"line":185},"12":{"loc":{"start":{"line":200,"column":25},"end":{"line":204,"column":34}},"type":"binary-expr","locations":[{"start":{"line":200,"column":25},"end":{"line":200,"column":39}},{"start":{"line":201,"column":28},"end":{"line":204,"column":34}}],"line":200},"13":{"loc":{"start":{"line":213,"column":25},"end":{"line":217,"column":30}},"type":"binary-expr","locations":[{"start":{"line":213,"column":25},"end":{"line":213,"column":38}},{"start":{"line":214,"column":24},"end":{"line":217,"column":30}}],"line":213},"14":{"loc":{"start":{"line":227,"column":25},"end":{"line":231,"column":30}},"type":"binary-expr","locations":[{"start":{"line":227,"column":25},"end":{"line":227,"column":34}},{"start":{"line":228,"column":24},"end":{"line":231,"column":30}}],"line":227}},"s":{"0":6,"1":6,"2":6,"3":6,"4":6,"5":6,"6":6,"7":6,"8":6,"9":2,"10":1,"11":2,"12":0,"13":2,"14":1,"15":1,"16":1,"17":3,"18":3,"19":3,"20":3,"21":1,"22":2,"23":2,"24":2,"25":1,"26":1,"27":3,"28":1,"29":3,"30":1,"31":3,"32":1,"33":4,"34":4,"35":4,"36":25,"37":25,"38":25,"39":25},"f":{"0":6,"1":2,"2":1,"3":3,"4":1,"5":1,"6":3,"7":4,"8":4,"9":4,"10":25,"11":25},"b":{"0":[1,1],"1":[0,2],"2":[2,2],"3":[1,0],"4":[3,0],"5":[1,2],"6":[3,3,2,2],"7":[1,2],"8":[1,2],"9":[1,2],"10":[25,23],"11":[25,0],"12":[25,1],"13":[25,1],"14":[25,1]},"_coverageSchema":"43e27e138ebf9cfc5966b082cf9a028302ed4184","hash":"75268dd3349827add99020ee61c6bad9dd65ee5f"}
,"/Users/bpatel/Desktop/Practise/react/envoy/src/components/visitors/index.js": {"path":"/Users/bpatel/Desktop/Practise/react/envoy/src/components/visitors/index.js","statementMap":{},"fnMap":{},"branchMap":{},"s":{},"f":{},"b":{},"_coverageSchema":"43e27e138ebf9cfc5966b082cf9a028302ed4184","hash":"703a74f43cc6ff94bfc127687b6da4ec349edb33"}
,"/Users/bpatel/Desktop/Practise/react/envoy/src/components/visitors/visitors.js": {"path":"/Users/bpatel/Desktop/Practise/react/envoy/src/components/visitors/visitors.js","statementMap":{"0":{"start":{"line":9,"column":8},"end":{"line":9,"column":21}},"1":{"start":{"line":14,"column":23},"end":{"line":14,"column":42}},"2":{"start":{"line":16,"column":30},"end":{"line":16,"column":34}},"3":{"start":{"line":17,"column":8},"end":{"line":22,"column":9}},"4":{"start":{"line":19,"column":12},"end":{"line":21,"column":14}},"5":{"start":{"line":20,"column":16},"end":{"line":20,"column":62}},"6":{"start":{"line":23,"column":8},"end":{"line":52,"column":23}},"7":{"start":{"line":56,"column":0},"end":{"line":58,"column":2}}},"fnMap":{"0":{"name":"(anonymous_0)","decl":{"start":{"line":8,"column":4},"end":{"line":8,"column":5}},"loc":{"start":{"line":8,"column":23},"end":{"line":10,"column":5}},"line":8},"1":{"name":"(anonymous_1)","decl":{"start":{"line":12,"column":4},"end":{"line":12,"column":5}},"loc":{"start":{"line":12,"column":13},"end":{"line":53,"column":5}},"line":12},"2":{"name":"(anonymous_2)","decl":{"start":{"line":19,"column":42},"end":{"line":19,"column":43}},"loc":{"start":{"line":20,"column":16},"end":{"line":20,"column":62}},"line":20}},"branchMap":{"0":{"loc":{"start":{"line":17,"column":8},"end":{"line":22,"column":9}},"type":"if","locations":[{"start":{"line":17,"column":8},"end":{"line":22,"column":9}},{"start":{"line":17,"column":8},"end":{"line":22,"column":9}}],"line":17},"1":{"loc":{"start":{"line":17,"column":11},"end":{"line":17,"column":41}},"type":"binary-expr","locations":[{"start":{"line":17,"column":11},"end":{"line":17,"column":19}},{"start":{"line":17,"column":23},"end":{"line":17,"column":41}}],"line":17},"2":{"loc":{"start":{"line":26,"column":14},"end":{"line":28,"column":22}},"type":"binary-expr","locations":[{"start":{"line":26,"column":14},"end":{"line":26,"column":22}},{"start":{"line":26,"column":26},"end":{"line":26,"column":47}},{"start":{"line":26,"column":51},"end":{"line":28,"column":22}}],"line":26},"3":{"loc":{"start":{"line":29,"column":14},"end":{"line":51,"column":10}},"type":"binary-expr","locations":[{"start":{"line":29,"column":14},"end":{"line":29,"column":22}},{"start":{"line":29,"column":26},"end":{"line":29,"column":43}},{"start":{"line":29,"column":46},"end":{"line":51,"column":10}}],"line":29}},"s":{"0":5,"1":5,"2":5,"3":5,"4":2,"5":10,"6":5,"7":3},"f":{"0":5,"1":5,"2":10},"b":{"0":[2,3],"1":[5,5],"2":[5,5,3],"3":[5,5,2]},"_coverageSchema":"43e27e138ebf9cfc5966b082cf9a028302ed4184","hash":"efe96e2dc79e4f2e6583e1e1e14b5b2125354d4a"}
,"/Users/bpatel/Desktop/Practise/react/envoy/src/services/entryService.js": {"path":"/Users/bpatel/Desktop/Practise/react/envoy/src/services/entryService.js","statementMap":{"0":{"start":{"line":3,"column":21},"end":{"line":3,"column":57}},"1":{"start":{"line":8,"column":8},"end":{"line":18,"column":15}},"2":{"start":{"line":10,"column":16},"end":{"line":10,"column":33}},"3":{"start":{"line":14,"column":16},"end":{"line":16,"column":17}},"4":{"start":{"line":15,"column":20},"end":{"line":15,"column":64}},"5":{"start":{"line":17,"column":16},"end":{"line":17,"column":36}},"6":{"start":{"line":23,"column":31},"end":{"line":23,"column":65}},"7":{"start":{"line":25,"column":8},"end":{"line":35,"column":15}},"8":{"start":{"line":27,"column":16},"end":{"line":27,"column":33}},"9":{"start":{"line":31,"column":16},"end":{"line":33,"column":17}},"10":{"start":{"line":32,"column":20},"end":{"line":32,"column":64}},"11":{"start":{"line":34,"column":16},"end":{"line":34,"column":36}},"12":{"start":{"line":41,"column":8},"end":{"line":57,"column":15}},"13":{"start":{"line":49,"column":16},"end":{"line":49,"column":33}},"14":{"start":{"line":53,"column":16},"end":{"line":55,"column":17}},"15":{"start":{"line":54,"column":20},"end":{"line":54,"column":64}},"16":{"start":{"line":56,"column":16},"end":{"line":56,"column":36}},"17":{"start":{"line":63,"column":8},"end":{"line":74,"column":15}},"18":{"start":{"line":67,"column":16},"end":{"line":67,"column":33}},"19":{"start":{"line":70,"column":16},"end":{"line":72,"column":17}},"20":{"start":{"line":71,"column":20},"end":{"line":71,"column":64}},"21":{"start":{"line":73,"column":16},"end":{"line":73,"column":28}},"22":{"start":{"line":77,"column":4},"end":{"line":82,"column":6}}},"fnMap":{"0":{"name":"entryService","decl":{"start":{"line":1,"column":16},"end":{"line":1,"column":28}},"loc":{"start":{"line":1,"column":31},"end":{"line":84,"column":1}},"line":1},"1":{"name":"getEntries","decl":{"start":{"line":6,"column":13},"end":{"line":6,"column":23}},"loc":{"start":{"line":6,"column":26},"end":{"line":19,"column":5}},"line":6},"2":{"name":"(anonymous_2)","decl":{"start":{"line":9,"column":18},"end":{"line":9,"column":19}},"loc":{"start":{"line":9,"column":27},"end":{"line":11,"column":13}},"line":9},"3":{"name":"(anonymous_3)","decl":{"start":{"line":12,"column":18},"end":{"line":12,"column":19}},"loc":{"start":{"line":12,"column":28},"end":{"line":18,"column":13}},"line":12},"4":{"name":"searchEntries","decl":{"start":{"line":21,"column":13},"end":{"line":21,"column":26}},"loc":{"start":{"line":21,"column":41},"end":{"line":36,"column":5}},"line":21},"5":{"name":"(anonymous_5)","decl":{"start":{"line":26,"column":18},"end":{"line":26,"column":19}},"loc":{"start":{"line":26,"column":27},"end":{"line":28,"column":13}},"line":26},"6":{"name":"(anonymous_6)","decl":{"start":{"line":29,"column":18},"end":{"line":29,"column":19}},"loc":{"start":{"line":29,"column":28},"end":{"line":35,"column":13}},"line":29},"7":{"name":"create","decl":{"start":{"line":39,"column":13},"end":{"line":39,"column":19}},"loc":{"start":{"line":39,"column":30},"end":{"line":58,"column":5}},"line":39},"8":{"name":"(anonymous_8)","decl":{"start":{"line":48,"column":18},"end":{"line":48,"column":19}},"loc":{"start":{"line":48,"column":27},"end":{"line":50,"column":13}},"line":48},"9":{"name":"(anonymous_9)","decl":{"start":{"line":51,"column":18},"end":{"line":51,"column":19}},"loc":{"start":{"line":51,"column":28},"end":{"line":57,"column":13}},"line":51},"10":{"name":"signOutVisitor","decl":{"start":{"line":61,"column":13},"end":{"line":61,"column":27}},"loc":{"start":{"line":61,"column":32},"end":{"line":75,"column":5}},"line":61},"11":{"name":"(anonymous_11)","decl":{"start":{"line":66,"column":18},"end":{"line":66,"column":19}},"loc":{"start":{"line":66,"column":27},"end":{"line":68,"column":13}},"line":66},"12":{"name":"(anonymous_12)","decl":{"start":{"line":69,"column":18},"end":{"line":69,"column":19}},"loc":{"start":{"line":69,"column":28},"end":{"line":74,"column":13}},"line":69}},"branchMap":{"0":{"loc":{"start":{"line":14,"column":16},"end":{"line":16,"column":17}},"type":"if","locations":[{"start":{"line":14,"column":16},"end":{"line":16,"column":17}},{"start":{"line":14,"column":16},"end":{"line":16,"column":17}}],"line":14},"1":{"loc":{"start":{"line":14,"column":19},"end":{"line":14,"column":40}},"type":"binary-expr","locations":[{"start":{"line":14,"column":19},"end":{"line":14,"column":24}},{"start":{"line":14,"column":28},"end":{"line":14,"column":40}}],"line":14},"2":{"loc":{"start":{"line":31,"column":16},"end":{"line":33,"column":17}},"type":"if","locations":[{"start":{"line":31,"column":16},"end":{"line":33,"column":17}},{"start":{"line":31,"column":16},"end":{"line":33,"column":17}}],"line":31},"3":{"loc":{"start":{"line":31,"column":19},"end":{"line":31,"column":40}},"type":"binary-expr","locations":[{"start":{"line":31,"column":19},"end":{"line":31,"column":24}},{"start":{"line":31,"column":28},"end":{"line":31,"column":40}}],"line":31},"4":{"loc":{"start":{"line":53,"column":16},"end":{"line":55,"column":17}},"type":"if","locations":[{"start":{"line":53,"column":16},"end":{"line":55,"column":17}},{"start":{"line":53,"column":16},"end":{"line":55,"column":17}}],"line":53},"5":{"loc":{"start":{"line":53,"column":19},"end":{"line":53,"column":40}},"type":"binary-expr","locations":[{"start":{"line":53,"column":19},"end":{"line":53,"column":24}},{"start":{"line":53,"column":28},"end":{"line":53,"column":40}}],"line":53},"6":{"loc":{"start":{"line":70,"column":16},"end":{"line":72,"column":17}},"type":"if","locations":[{"start":{"line":70,"column":16},"end":{"line":72,"column":17}},{"start":{"line":70,"column":16},"end":{"line":72,"column":17}}],"line":70},"7":{"loc":{"start":{"line":70,"column":19},"end":{"line":70,"column":40}},"type":"binary-expr","locations":[{"start":{"line":70,"column":19},"end":{"line":70,"column":24}},{"start":{"line":70,"column":28},"end":{"line":70,"column":40}}],"line":70}},"s":{"0":12,"1":6,"2":3,"3":3,"4":2,"5":1,"6":1,"7":1,"8":1,"9":1,"10":1,"11":0,"12":2,"13":2,"14":2,"15":1,"16":1,"17":3,"18":3,"19":3,"20":2,"21":1,"22":12},"f":{"0":12,"1":6,"2":3,"3":3,"4":1,"5":1,"6":1,"7":2,"8":2,"9":2,"10":3,"11":3,"12":3},"b":{"0":[2,1],"1":[3,1],"2":[1,0],"3":[1,0],"4":[1,1],"5":[2,2],"6":[2,1],"7":[3,3]},"_coverageSchema":"43e27e138ebf9cfc5966b082cf9a028302ed4184","hash":"7cd83ea52d0361c2e76ac20d39c2b0bec078cc4c"}
}
