TN:
SF:/Users/bpatel/Desktop/Practise/react/envoy/src/components/search/search.js
FN:18,(anonymous_0)
FN:31,(anonymous_1)
FN:34,(anonymous_2)
FN:45,(anonymous_3)
FN:55,(anonymous_4)
FN:60,(anonymous_5)
FN:67,(anonymous_6)
FN:73,(anonymous_7)
FN:79,(anonymous_8)
FN:90,(anonymous_9)
FN:101,(anonymous_10)
FN:105,(anonymous_11)
FNF:12
FNH:10
FNDA:6,(anonymous_0)
FNDA:6,(anonymous_1)
FNDA:1,(anonymous_2)
FNDA:2,(anonymous_3)
FNDA:1,(anonymous_4)
FNDA:3,(anonymous_5)
FNDA:0,(anonymous_6)
FNDA:1,(anonymous_7)
FNDA:0,(anonymous_8)
FNDA:1,(anonymous_9)
FNDA:15,(anonymous_10)
FNDA:15,(anonymous_11)
DA:19,6
DA:20,6
DA:26,6
DA:27,6
DA:28,6
DA:32,6
DA:36,1
DA:47,2
DA:56,1
DA:57,1
DA:62,3
DA:68,0
DA:69,0
DA:74,1
DA:77,1
DA:81,0
DA:92,1
DA:102,15
DA:107,15
DA:109,15
LF:20
LH:17
BRDA:68,0,0,0
BRDA:68,0,1,0
BRDA:102,1,0,15
BRDA:102,1,1,12
BRDA:139,2,0,15
BRDA:139,2,1,0
BRDA:141,3,0,15
BRDA:141,3,1,0
BRDA:145,4,0,15
BRDA:145,4,1,3
BRDA:146,5,0,15
BRDA:146,5,1,1
BRF:12
BRH:8
end_of_record
TN:
SF:/Users/bpatel/Desktop/Practise/react/envoy/src/components/visitor/index.js
FNF:0
FNH:0
LF:0
LH:0
BRF:0
BRH:0
end_of_record
TN:
SF:/Users/bpatel/Desktop/Practise/react/envoy/src/components/visitor/visitor.js
FN:7,(anonymous_0)
FN:19,(anonymous_1)
FN:30,(anonymous_2)
FN:34,(anonymous_3)
FN:52,(anonymous_4)
FN:61,(anonymous_5)
FNF:6
FNH:6
FNDA:18,(anonymous_0)
FNDA:3,(anonymous_1)
FNDA:3,(anonymous_2)
FNDA:1,(anonymous_3)
FNDA:2,(anonymous_4)
FNDA:24,(anonymous_5)
DA:8,18
DA:9,18
DA:15,18
DA:16,18
DA:22,3
DA:27,3
DA:32,3
DA:36,1
DA:37,1
DA:43,0
DA:54,2
DA:63,24
DA:65,24
DA:68,24
DA:69,3
DA:72,24
DA:73,3
DA:76,24
LF:18
LH:17
BRDA:36,0,0,1
BRDA:36,0,1,0
BRDA:36,1,0,1
BRDA:36,1,1,1
BRDA:68,2,0,3
BRDA:68,2,1,21
BRDA:68,3,0,24
BRDA:68,3,1,6
BRDA:72,4,0,3
BRDA:72,4,1,21
BRDA:83,5,0,24
BRDA:83,5,1,2
BRF:12
BRH:11
end_of_record
TN:
SF:/Users/bpatel/Desktop/Practise/react/envoy/src/components/visitorForm/index.js
FNF:0
FNH:0
LF:0
LH:0
BRF:0
BRH:0
end_of_record
TN:
SF:/Users/bpatel/Desktop/Practise/react/envoy/src/components/visitorForm/visitorForm.js
FN:13,(anonymous_0)
FN:43,(anonymous_1)
FN:60,(anonymous_2)
FN:76,(anonymous_3)
FN:103,(anonymous_4)
FN:109,(anonymous_5)
FN:118,(anonymous_6)
FN:141,(anonymous_7)
FN:146,(anonymous_8)
FN:151,(anonymous_9)
FN:157,(anonymous_10)
FN:161,(anonymous_11)
FNF:12
FNH:12
FNDA:6,(anonymous_0)
FNDA:2,(anonymous_1)
FNDA:1,(anonymous_2)
FNDA:3,(anonymous_3)
FNDA:1,(anonymous_4)
FNDA:1,(anonymous_5)
FNDA:3,(anonymous_6)
FNDA:4,(anonymous_7)
FNDA:4,(anonymous_8)
FNDA:4,(anonymous_9)
FNDA:25,(anonymous_10)
FNDA:25,(anonymous_11)
DA:15,6
DA:17,6
DA:30,6
DA:31,6
DA:32,6
DA:35,6
DA:36,6
DA:39,6
DA:40,6
DA:45,2
DA:46,1
DA:54,2
DA:55,0
DA:57,2
DA:61,1
DA:62,1
DA:64,1
DA:78,3
DA:79,3
DA:83,3
DA:85,3
DA:89,1
DA:92,2
DA:97,2
DA:101,2
DA:107,1
DA:111,1
DA:119,3
DA:120,1
DA:126,3
DA:127,1
DA:133,3
DA:134,1
DA:142,4
DA:147,4
DA:152,4
DA:158,25
DA:163,25
DA:170,25
DA:172,25
LF:40
LH:39
BRDA:45,0,0,1
BRDA:45,0,1,1
BRDA:54,1,0,0
BRDA:54,1,1,2
BRDA:54,2,0,2
BRDA:54,2,1,2
BRDA:61,3,0,1
BRDA:61,3,1,0
BRDA:78,4,0,3
BRDA:78,4,1,0
BRDA:85,5,0,1
BRDA:85,5,1,2
BRDA:85,6,0,3
BRDA:85,6,1,3
BRDA:85,6,2,2
BRDA:85,6,3,2
BRDA:119,7,0,1
BRDA:119,7,1,2
BRDA:126,8,0,1
BRDA:126,8,1,2
BRDA:133,9,0,1
BRDA:133,9,1,2
BRDA:158,10,0,25
BRDA:158,10,1,23
BRDA:185,11,0,25
BRDA:185,11,1,0
BRDA:200,12,0,25
BRDA:200,12,1,1
BRDA:213,13,0,25
BRDA:213,13,1,1
BRDA:227,14,0,25
BRDA:227,14,1,1
BRF:32
BRH:28
end_of_record
TN:
SF:/Users/bpatel/Desktop/Practise/react/envoy/src/components/visitors/index.js
FNF:0
FNH:0
LF:0
LH:0
BRF:0
BRH:0
end_of_record
TN:
SF:/Users/bpatel/Desktop/Practise/react/envoy/src/components/visitors/visitors.js
FN:8,(anonymous_0)
FN:12,(anonymous_1)
FN:19,(anonymous_2)
FNF:3
FNH:3
FNDA:5,(anonymous_0)
FNDA:5,(anonymous_1)
FNDA:10,(anonymous_2)
DA:9,5
DA:14,5
DA:16,5
DA:17,5
DA:19,2
DA:20,10
DA:23,5
DA:56,3
LF:8
LH:8
BRDA:17,0,0,2
BRDA:17,0,1,3
BRDA:17,1,0,5
BRDA:17,1,1,5
BRDA:26,2,0,5
BRDA:26,2,1,5
BRDA:26,2,2,3
BRDA:29,3,0,5
BRDA:29,3,1,5
BRDA:29,3,2,2
BRF:10
BRH:10
end_of_record
TN:
SF:/Users/bpatel/Desktop/Practise/react/envoy/src/services/entryService.js
FN:1,entryService
FN:6,getEntries
FN:9,(anonymous_2)
FN:12,(anonymous_3)
FN:21,searchEntries
FN:26,(anonymous_5)
FN:29,(anonymous_6)
FN:39,create
FN:48,(anonymous_8)
FN:51,(anonymous_9)
FN:61,signOutVisitor
FN:66,(anonymous_11)
FN:69,(anonymous_12)
FNF:13
FNH:13
FNDA:12,entryService
FNDA:6,getEntries
FNDA:3,(anonymous_2)
FNDA:3,(anonymous_3)
FNDA:1,searchEntries
FNDA:1,(anonymous_5)
FNDA:1,(anonymous_6)
FNDA:2,create
FNDA:2,(anonymous_8)
FNDA:2,(anonymous_9)
FNDA:3,signOutVisitor
FNDA:3,(anonymous_11)
FNDA:3,(anonymous_12)
DA:3,12
DA:8,6
DA:10,3
DA:14,3
DA:15,2
DA:17,1
DA:23,1
DA:25,1
DA:27,1
DA:31,1
DA:32,1
DA:34,0
DA:41,2
DA:49,2
DA:53,2
DA:54,1
DA:56,1
DA:63,3
DA:67,3
DA:70,3
DA:71,2
DA:73,1
DA:77,12
LF:23
LH:22
BRDA:14,0,0,2
BRDA:14,0,1,1
BRDA:14,1,0,3
BRDA:14,1,1,1
BRDA:31,2,0,1
BRDA:31,2,1,0
BRDA:31,3,0,1
BRDA:31,3,1,0
BRDA:53,4,0,1
BRDA:53,4,1,1
BRDA:53,5,0,2
BRDA:53,5,1,2
BRDA:70,6,0,2
BRDA:70,6,1,1
BRDA:70,7,0,3
BRDA:70,7,1,3
BRF:16
BRH:14
end_of_record
